<?xml version="1.0" encoding="UTF-8"?>
<!-- Generated by org.testng.reporters.JUnitReportReporter -->
<testsuite hostname="KALYANI" failures="0" tests="4" name="listeners.Listeners_testNGclass" time="0.018" errors="0" timestamp="2024-06-24T17:36:08 IST" skipped="0">
  <testcase classname="listeners.Listeners_testNGclass" name="fashion" time="0.001"/>
  <system-out/>
  <testcase classname="listeners.Listeners_testNGclass" name="Refresh" time="0.002"/>
  <system-out/>
  <testcase classname="listeners.Listeners_testNGclass" name="test" time="0.001"/>
  <system-out/>
  <testcase classname="listeners.Listeners_testNGclass" name="Addition" time="0.014"/>
  <system-out/>
</testsuite> <!-- listeners.Listeners_testNGclass -->
