<?xml version="1.0" encoding="UTF-8"?>
<!-- Generated by org.testng.reporters.JUnitReportReporter -->
<testsuite hostname="KALYANI" failures="0" tests="9" name="package_1.invocation_p_parameters" time="0.036" errors="0" timestamp="2024-06-19T14:51:13 IST" skipped="0">
  <testcase classname="package_1.invocation_p_parameters" name="marks" time="0.021"/>
  <system-out/>
  <testcase classname="package_1.invocation_p_parameters" name="percentage" time="0.003"/>
  <system-out/>
  <testcase classname="package_1.invocation_p_parameters" name="student_name" time="0.002"/>
  <system-out/>
  <testcase classname="package_1.invocation_p_parameters" name="student_name" time="0.002"/>
  <system-out/>
  <testcase classname="package_1.invocation_p_parameters" name="student_name" time="0.001"/>
  <system-out/>
  <testcase classname="package_1.invocation_p_parameters" name="subjects" time="0.002"/>
  <system-out/>
  <testcase classname="package_1.invocation_p_parameters" name="subjects" time="0.001"/>
  <system-out/>
  <testcase classname="package_1.invocation_p_parameters" name="subjects" time="0.002"/>
  <system-out/>
  <testcase classname="package_1.invocation_p_parameters" name="subjects" time="0.002"/>
  <system-out/>
</testsuite> <!-- package_1.invocation_p_parameters -->
