<?xml version="1.0" encoding="UTF-8"?>
<!-- Generated by org.testng.reporters.JUnitReportReporter -->
<testsuite hostname="KALYANI" failures="0" tests="4" name="package_1.NewTest_class" time="0.073" errors="0" timestamp="2024-06-18T15:32:55 IST" skipped="0">
  <testcase classname="package_1.NewTest_class" name="s" time="0.013"/>
  <system-out/>
  <testcase classname="package_1.NewTest_class" name="k" time="0.011"/>
  <system-out/>
  <testcase classname="package_1.NewTest_class" name="f" time="0.013"/>
  <system-out/>
  <testcase classname="package_1.NewTest_class" name="p" time="0.036"/>
  <system-out/>
</testsuite> <!-- package_1.NewTest_class -->
