<?xml version="1.0" encoding="UTF-8"?>
<!-- Generated by org.testng.reporters.JUnitReportReporter -->
<testsuite hostname="KALYANI" failures="0" tests="4" name="package_1.P_I_D_E_parameters" time="0.016" errors="0" timestamp="2024-06-19T14:45:37 IST" skipped="0">
  <testcase classname="package_1.P_I_D_E_parameters" name="application" time="0.011"/>
  <system-out/>
  <testcase classname="package_1.P_I_D_E_parameters" name="fuctionality2" time="0.003"/>
  <system-out/>
  <testcase classname="package_1.P_I_D_E_parameters" name="fuctionality3" time="0.001"/>
  <system-out/>
  <testcase classname="package_1.P_I_D_E_parameters" name="fuctionality" time="0.001"/>
  <system-out/>
</testsuite> <!-- package_1.P_I_D_E_parameters -->
