<?xml version="1.0" encoding="UTF-8"?>
<!-- Generated by org.testng.reporters.JUnitReportReporter -->
<testsuite hostname="KALYANI" failures="0" tests="9" name="package_1.Invo_P_D_E_parameters" time="0.019" errors="0" timestamp="2024-06-19T16:39:38 IST" skipped="1">
  <testcase classname="package_1.Invo_P_D_E_parameters" name="marks" time="0.009"/>
  <system-out/>
  <testcase classname="package_1.Invo_P_D_E_parameters" name="student_name" time="0.001"/>
  <system-out/>
  <testcase classname="package_1.Invo_P_D_E_parameters" name="student_name" time="0.002"/>
  <system-out/>
  <testcase classname="package_1.Invo_P_D_E_parameters" name="student_name" time="0.002"/>
  <system-out/>
  <testcase classname="package_1.Invo_P_D_E_parameters" name="subjects" time="0.001"/>
  <system-out/>
  <testcase classname="package_1.Invo_P_D_E_parameters" name="subjects" time="0.001"/>
  <system-out/>
  <testcase classname="package_1.Invo_P_D_E_parameters" name="subjects" time="0.001"/>
  <system-out/>
  <testcase classname="package_1.Invo_P_D_E_parameters" name="subjects" time="0.002"/>
  <system-out/>
  <testcase classname="package_1.Invo_P_D_E_parameters" name="percentage">
    <skipped/>
  </testcase> <!-- percentage -->
  <system-out/>
</testsuite> <!-- package_1.Invo_P_D_E_parameters -->
