<?xml version="1.0" encoding="UTF-8"?>
<!-- Generated by org.testng.reporters.JUnitReportReporter -->
<testsuite hostname="KALYANI" failures="0" tests="2" name="package_1.NewTest_class1" time="0.009" errors="0" timestamp="2024-06-19T14:23:32 IST" skipped="0">
  <testcase classname="package_1.NewTest_class1" name="f" time="0.004"/>
  <system-out/>
  <testcase classname="package_1.NewTest_class1" name="s" time="0.005"/>
  <system-out/>
</testsuite> <!-- package_1.NewTest_class1 -->
