<?xml version="1.0" encoding="UTF-8"?>
<!-- Generated by org.testng.reporters.JUnitReportReporter -->
<testsuite hostname="KALYANI" failures="0" tests="4" name="package_1.groups_parameter" time="0.013" errors="0" timestamp="2024-06-19T17:13:55 IST" skipped="0">
  <testcase classname="package_1.groups_parameter" name="test7" time="0.001"/>
  <system-out/>
  <testcase classname="package_1.groups_parameter" name="test4" time="0.001"/>
  <system-out/>
  <testcase classname="package_1.groups_parameter" name="test3" time="0.010"/>
  <system-out/>
  <testcase classname="package_1.groups_parameter" name="test8" time="0.001"/>
  <system-out/>
</testsuite> <!-- package_1.groups_parameter -->
